<?xml version="1.0" encoding="UTF-8"?>
<testng-results ignored="0" total="28" passed="25" failed="3" skipped="0">
  <reporter-output>
  </reporter-output>
  <suite started-at="2020-08-14T00:27:15 ICT" name="Default suite" finished-at="2020-08-14T00:28:33 ICT" duration-ms="77405">
    <groups>
      <group name="tentruycap">
        <method signature="testtentruycap.Signup1()[pri:1, instance:com.example.demo.test.testtentruycap@306f16f3]" name="Signup1" class="com.example.demo.test.testtentruycap"/>
        <method signature="testtentruycap.Signup10()[pri:10, instance:com.example.demo.test.testtentruycap@306f16f3]" name="Signup10" class="com.example.demo.test.testtentruycap"/>
        <method signature="testtentruycap.Signup11()[pri:11, instance:com.example.demo.test.testtentruycap@306f16f3]" name="Signup11" class="com.example.demo.test.testtentruycap"/>
        <method signature="testtentruycap.Signup12()[pri:12, instance:com.example.demo.test.testtentruycap@306f16f3]" name="Signup12" class="com.example.demo.test.testtentruycap"/>
        <method signature="testtentruycap.Signup13()[pri:13, instance:com.example.demo.test.testtentruycap@306f16f3]" name="Signup13" class="com.example.demo.test.testtentruycap"/>
        <method signature="testtentruycap.Signup2()[pri:2, instance:com.example.demo.test.testtentruycap@306f16f3]" name="Signup2" class="com.example.demo.test.testtentruycap"/>
        <method signature="testtentruycap.Signup3()[pri:3, instance:com.example.demo.test.testtentruycap@306f16f3]" name="Signup3" class="com.example.demo.test.testtentruycap"/>
        <method signature="testtentruycap.Signup4()[pri:4, instance:com.example.demo.test.testtentruycap@306f16f3]" name="Signup4" class="com.example.demo.test.testtentruycap"/>
        <method signature="testtentruycap.Signup5()[pri:5, instance:com.example.demo.test.testtentruycap@306f16f3]" name="Signup5" class="com.example.demo.test.testtentruycap"/>
        <method signature="testtentruycap.Signup6()[pri:6, instance:com.example.demo.test.testtentruycap@306f16f3]" name="Signup6" class="com.example.demo.test.testtentruycap"/>
        <method signature="testtentruycap.Signup7()[pri:7, instance:com.example.demo.test.testtentruycap@306f16f3]" name="Signup7" class="com.example.demo.test.testtentruycap"/>
        <method signature="testtentruycap.Signup8()[pri:8, instance:com.example.demo.test.testtentruycap@306f16f3]" name="Signup8" class="com.example.demo.test.testtentruycap"/>
        <method signature="testtentruycap.Signup9()[pri:9, instance:com.example.demo.test.testtentruycap@306f16f3]" name="Signup9" class="com.example.demo.test.testtentruycap"/>
        <method signature="testtentruycap.dangky1()[pri:1, instance:com.example.demo.test.testtentruycap@306f16f3]" name="dangky1" class="com.example.demo.test.testtentruycap"/>
        <method signature="testtentruycap.dangky10()[pri:1, instance:com.example.demo.test.testtentruycap@306f16f3]" name="dangky10" class="com.example.demo.test.testtentruycap"/>
        <method signature="testtentruycap.dangky11()[pri:1, instance:com.example.demo.test.testtentruycap@306f16f3]" name="dangky11" class="com.example.demo.test.testtentruycap"/>
        <method signature="testtentruycap.dangky2()[pri:1, instance:com.example.demo.test.testtentruycap@306f16f3]" name="dangky2" class="com.example.demo.test.testtentruycap"/>
        <method signature="testtentruycap.dangky3()[pri:1, instance:com.example.demo.test.testtentruycap@306f16f3]" name="dangky3" class="com.example.demo.test.testtentruycap"/>
        <method signature="testtentruycap.dangky4()[pri:1, instance:com.example.demo.test.testtentruycap@306f16f3]" name="dangky4" class="com.example.demo.test.testtentruycap"/>
        <method signature="testtentruycap.dangky5()[pri:1, instance:com.example.demo.test.testtentruycap@306f16f3]" name="dangky5" class="com.example.demo.test.testtentruycap"/>
        <method signature="testtentruycap.dangky6()[pri:1, instance:com.example.demo.test.testtentruycap@306f16f3]" name="dangky6" class="com.example.demo.test.testtentruycap"/>
        <method signature="testtentruycap.dangky7()[pri:1, instance:com.example.demo.test.testtentruycap@306f16f3]" name="dangky7" class="com.example.demo.test.testtentruycap"/>
        <method signature="testtentruycap.dangky8()[pri:1, instance:com.example.demo.test.testtentruycap@306f16f3]" name="dangky8" class="com.example.demo.test.testtentruycap"/>
        <method signature="testtentruycap.dangky9()[pri:1, instance:com.example.demo.test.testtentruycap@306f16f3]" name="dangky9" class="com.example.demo.test.testtentruycap"/>
        <method signature="testtentruycap.email1()[pri:1, instance:com.example.demo.test.testtentruycap@306f16f3]" name="email1" class="com.example.demo.test.testtentruycap"/>
        <method signature="testtentruycap.email2()[pri:1, instance:com.example.demo.test.testtentruycap@306f16f3]" name="email2" class="com.example.demo.test.testtentruycap"/>
        <method signature="testtentruycap.email3()[pri:1, instance:com.example.demo.test.testtentruycap@306f16f3]" name="email3" class="com.example.demo.test.testtentruycap"/>
        <method signature="testtentruycap.email4()[pri:1, instance:com.example.demo.test.testtentruycap@306f16f3]" name="email4" class="com.example.demo.test.testtentruycap"/>
      </group> <!-- tentruycap -->
    </groups>
    <test started-at="2020-08-14T00:27:15 ICT" name="Default test" finished-at="2020-08-14T00:28:33 ICT" duration-ms="77405">
      <class name="com.example.demo.test.testtentruycap">
        <test-method is-config="true" signature="suiteSetup()[pri:0, instance:com.example.demo.test.testtentruycap@306f16f3]" started-at="2020-08-14T00:27:15 ICT" name="suiteSetup" finished-at="2020-08-14T00:27:22 ICT" duration-ms="6478" status="PASS">
          <reporter-output>
          </reporter-output>
        </test-method> <!-- suiteSetup -->
        <test-method signature="Signup1()[pri:1, instance:com.example.demo.test.testtentruycap@306f16f3]" started-at="2020-08-14T00:27:22 ICT" name="Signup1" description="Khong nhap ten truy cap" finished-at="2020-08-14T00:27:27 ICT" duration-ms="5162" status="FAIL">
          <exception class="java.lang.AssertionError">
            <message>
              <![CDATA[expected [*Must contain 9 to 15 character and at least 1 letter and 1 capitalize letter and 1 number Ex: longnhat12345] but found [*Name is mandatory
*Must contain 9 to 15 character and at least 1 letter and 1 capitalize letter and 1 number Ex: longnhat12345]]]>
            </message>
            <full-stacktrace>
              <![CDATA[java.lang.AssertionError: expected [*Must contain 9 to 15 character and at least 1 letter and 1 capitalize letter and 1 number Ex: longnhat12345] but found [*Name is mandatory
*Must contain 9 to 15 character and at least 1 letter and 1 capitalize letter and 1 number Ex: longnhat12345]
at org.testng.Assert.fail(Assert.java:97)
at org.testng.Assert.assertEqualsImpl(Assert.java:136)
at org.testng.Assert.assertEquals(Assert.java:118)
at org.testng.Assert.assertEquals(Assert.java:575)
at org.testng.Assert.assertEquals(Assert.java:585)
at com.example.demo.test.testtentruycap.Signup1(testtentruycap.java:79)
at java.base/jdk.internal.reflect.NativeMethodAccessorImpl.invoke0(Native Method)
at java.base/jdk.internal.reflect.NativeMethodAccessorImpl.invoke(NativeMethodAccessorImpl.java:62)
at java.base/jdk.internal.reflect.DelegatingMethodAccessorImpl.invoke(DelegatingMethodAccessorImpl.java:43)
at java.base/java.lang.reflect.Method.invoke(Method.java:566)
at org.testng.internal.MethodInvocationHelper.invokeMethod(MethodInvocationHelper.java:135)
at org.testng.internal.TestInvoker.invokeMethod(TestInvoker.java:598)
at org.testng.internal.TestInvoker.invokeTestMethod(TestInvoker.java:174)
at org.testng.internal.MethodRunner.runInSequence(MethodRunner.java:46)
at org.testng.internal.TestInvoker$MethodInvocationAgent.invoke(TestInvoker.java:821)
at org.testng.internal.TestInvoker.invokeTestMethods(TestInvoker.java:147)
at org.testng.internal.TestMethodWorker.invokeTestMethods(TestMethodWorker.java:146)
at org.testng.internal.TestMethodWorker.run(TestMethodWorker.java:128)
at java.base/java.util.ArrayList.forEach(ArrayList.java:1540)
at org.testng.TestRunner.privateRun(TestRunner.java:767)
at org.testng.TestRunner.run(TestRunner.java:588)
at org.testng.SuiteRunner.runTest(SuiteRunner.java:384)
at org.testng.SuiteRunner.runSequentially(SuiteRunner.java:378)
at org.testng.SuiteRunner.privateRun(SuiteRunner.java:337)
at org.testng.SuiteRunner.run(SuiteRunner.java:286)
at org.testng.SuiteRunnerWorker.runSuite(SuiteRunnerWorker.java:53)
at org.testng.SuiteRunnerWorker.run(SuiteRunnerWorker.java:96)
at org.testng.TestNG.runSuitesSequentially(TestNG.java:1214)
at org.testng.TestNG.runSuitesLocally(TestNG.java:1136)
at org.testng.TestNG.runSuites(TestNG.java:1066)
at org.testng.TestNG.run(TestNG.java:1034)
at org.testng.remote.AbstractRemoteTestNG.run(AbstractRemoteTestNG.java:115)
at org.testng.remote.RemoteTestNG.initAndRun(RemoteTestNG.java:251)
at org.testng.remote.RemoteTestNG.main(RemoteTestNG.java:77)
]]>
            </full-stacktrace>
          </exception> <!-- java.lang.AssertionError -->
          <reporter-output>
          </reporter-output>
        </test-method> <!-- Signup1 -->
        <test-method signature="dangky1()[pri:1, instance:com.example.demo.test.testtentruycap@306f16f3]" started-at="2020-08-14T00:27:27 ICT" name="dangky1" description="Khong nhap ten truy cap" finished-at="2020-08-14T00:27:30 ICT" duration-ms="2720" status="PASS">
          <reporter-output>
          </reporter-output>
        </test-method> <!-- dangky1 -->
        <test-method signature="dangky10()[pri:1, instance:com.example.demo.test.testtentruycap@306f16f3]" started-at="2020-08-14T00:27:30 ICT" name="dangky10" description="Khong nhap ten truy cap" finished-at="2020-08-14T00:27:33 ICT" duration-ms="2964" status="PASS">
          <reporter-output>
          </reporter-output>
        </test-method> <!-- dangky10 -->
        <test-method signature="dangky11()[pri:1, instance:com.example.demo.test.testtentruycap@306f16f3]" started-at="2020-08-14T00:27:33 ICT" name="dangky11" description="Khong nhap ten truy cap" finished-at="2020-08-14T00:27:36 ICT" duration-ms="3123" status="PASS">
          <reporter-output>
          </reporter-output>
        </test-method> <!-- dangky11 -->
        <test-method signature="dangky2()[pri:1, instance:com.example.demo.test.testtentruycap@306f16f3]" started-at="2020-08-14T00:27:36 ICT" name="dangky2" description="Khong nhap ten truy cap" finished-at="2020-08-14T00:27:39 ICT" duration-ms="2943" status="PASS">
          <reporter-output>
          </reporter-output>
        </test-method> <!-- dangky2 -->
        <test-method signature="dangky3()[pri:1, instance:com.example.demo.test.testtentruycap@306f16f3]" started-at="2020-08-14T00:27:39 ICT" name="dangky3" description="Khong nhap ten truy cap" finished-at="2020-08-14T00:27:42 ICT" duration-ms="2862" status="PASS">
          <reporter-output>
          </reporter-output>
        </test-method> <!-- dangky3 -->
        <test-method signature="dangky4()[pri:1, instance:com.example.demo.test.testtentruycap@306f16f3]" started-at="2020-08-14T00:27:42 ICT" name="dangky4" description="Khong nhap ten truy cap" finished-at="2020-08-14T00:27:44 ICT" duration-ms="2809" status="PASS">
          <reporter-output>
          </reporter-output>
        </test-method> <!-- dangky4 -->
        <test-method signature="dangky5()[pri:1, instance:com.example.demo.test.testtentruycap@306f16f3]" started-at="2020-08-14T00:27:44 ICT" name="dangky5" description="Khong nhap ten truy cap" finished-at="2020-08-14T00:27:47 ICT" duration-ms="2810" status="PASS">
          <reporter-output>
          </reporter-output>
        </test-method> <!-- dangky5 -->
        <test-method signature="dangky6()[pri:1, instance:com.example.demo.test.testtentruycap@306f16f3]" started-at="2020-08-14T00:27:47 ICT" name="dangky6" description="Khong nhap ten truy cap" finished-at="2020-08-14T00:27:50 ICT" duration-ms="2724" status="PASS">
          <reporter-output>
          </reporter-output>
        </test-method> <!-- dangky6 -->
        <test-method signature="dangky7()[pri:1, instance:com.example.demo.test.testtentruycap@306f16f3]" started-at="2020-08-14T00:27:50 ICT" name="dangky7" description="Khong nhap ten truy cap" finished-at="2020-08-14T00:27:53 ICT" duration-ms="2685" status="PASS">
          <reporter-output>
          </reporter-output>
        </test-method> <!-- dangky7 -->
        <test-method signature="dangky8()[pri:1, instance:com.example.demo.test.testtentruycap@306f16f3]" started-at="2020-08-14T00:27:53 ICT" name="dangky8" description="Khong nhap ten truy cap" finished-at="2020-08-14T00:27:55 ICT" duration-ms="2734" status="PASS">
          <reporter-output>
          </reporter-output>
        </test-method> <!-- dangky8 -->
        <test-method signature="dangky9()[pri:1, instance:com.example.demo.test.testtentruycap@306f16f3]" started-at="2020-08-14T00:27:55 ICT" name="dangky9" description="Khong nhap ten truy cap" finished-at="2020-08-14T00:27:58 ICT" duration-ms="2797" status="PASS">
          <reporter-output>
          </reporter-output>
        </test-method> <!-- dangky9 -->
        <test-method signature="email1()[pri:1, instance:com.example.demo.test.testtentruycap@306f16f3]" started-at="2020-08-14T00:27:58 ICT" name="email1" description="Khong nhap ten truy cap" finished-at="2020-08-14T00:27:59 ICT" duration-ms="595" status="PASS">
          <reporter-output>
          </reporter-output>
        </test-method> <!-- email1 -->
        <test-method signature="email2()[pri:1, instance:com.example.demo.test.testtentruycap@306f16f3]" started-at="2020-08-14T00:27:59 ICT" name="email2" description="Khong nhap ten truy cap" finished-at="2020-08-14T00:27:59 ICT" duration-ms="607" status="PASS">
          <reporter-output>
          </reporter-output>
        </test-method> <!-- email2 -->
        <test-method signature="email3()[pri:1, instance:com.example.demo.test.testtentruycap@306f16f3]" started-at="2020-08-14T00:27:59 ICT" name="email3" description="Khong nhap ten truy cap" finished-at="2020-08-14T00:28:00 ICT" duration-ms="705" status="PASS">
          <reporter-output>
          </reporter-output>
        </test-method> <!-- email3 -->
        <test-method signature="email4()[pri:1, instance:com.example.demo.test.testtentruycap@306f16f3]" started-at="2020-08-14T00:28:00 ICT" name="email4" description="Khong nhap ten truy cap" finished-at="2020-08-14T00:28:01 ICT" duration-ms="495" status="PASS">
          <reporter-output>
          </reporter-output>
        </test-method> <!-- email4 -->
        <test-method signature="Signup2()[pri:2, instance:com.example.demo.test.testtentruycap@306f16f3]" started-at="2020-08-14T00:28:01 ICT" name="Signup2" description="Khong nhap ten truy cap" finished-at="2020-08-14T00:28:03 ICT" duration-ms="2547" status="PASS">
          <reporter-output>
          </reporter-output>
        </test-method> <!-- Signup2 -->
        <test-method signature="Signup3()[pri:3, instance:com.example.demo.test.testtentruycap@306f16f3]" started-at="2020-08-14T00:28:03 ICT" name="Signup3" description="Khong nhap ten truy cap" finished-at="2020-08-14T00:28:06 ICT" duration-ms="2622" status="PASS">
          <reporter-output>
          </reporter-output>
        </test-method> <!-- Signup3 -->
        <test-method signature="Signup4()[pri:4, instance:com.example.demo.test.testtentruycap@306f16f3]" started-at="2020-08-14T00:28:06 ICT" name="Signup4" description="Khong nhap ten truy cap" finished-at="2020-08-14T00:28:08 ICT" duration-ms="2549" status="PASS">
          <reporter-output>
          </reporter-output>
        </test-method> <!-- Signup4 -->
        <test-method signature="Signup5()[pri:5, instance:com.example.demo.test.testtentruycap@306f16f3]" started-at="2020-08-14T00:28:08 ICT" name="Signup5" description="Khong nhap ten truy cap" finished-at="2020-08-14T00:28:11 ICT" duration-ms="2636" status="PASS">
          <reporter-output>
          </reporter-output>
        </test-method> <!-- Signup5 -->
        <test-method signature="Signup6()[pri:6, instance:com.example.demo.test.testtentruycap@306f16f3]" started-at="2020-08-14T00:28:11 ICT" name="Signup6" description="Khong nhap ten truy cap" finished-at="2020-08-14T00:28:14 ICT" duration-ms="2521" status="PASS">
          <reporter-output>
          </reporter-output>
        </test-method> <!-- Signup6 -->
        <test-method signature="Signup7()[pri:7, instance:com.example.demo.test.testtentruycap@306f16f3]" started-at="2020-08-14T00:28:14 ICT" name="Signup7" description="Khong nhap ten truy cap" finished-at="2020-08-14T00:28:16 ICT" duration-ms="2610" status="PASS">
          <reporter-output>
          </reporter-output>
        </test-method> <!-- Signup7 -->
        <test-method signature="Signup8()[pri:8, instance:com.example.demo.test.testtentruycap@306f16f3]" started-at="2020-08-14T00:28:16 ICT" name="Signup8" description="Khong nhap ten truy cap" finished-at="2020-08-14T00:28:19 ICT" duration-ms="2656" status="PASS">
          <reporter-output>
          </reporter-output>
        </test-method> <!-- Signup8 -->
        <test-method signature="Signup9()[pri:9, instance:com.example.demo.test.testtentruycap@306f16f3]" started-at="2020-08-14T00:28:19 ICT" name="Signup9" description="Khong nhap ten truy cap" finished-at="2020-08-14T00:28:21 ICT" duration-ms="2592" status="PASS">
          <reporter-output>
          </reporter-output>
        </test-method> <!-- Signup9 -->
        <test-method signature="Signup10()[pri:10, instance:com.example.demo.test.testtentruycap@306f16f3]" started-at="2020-08-14T00:28:21 ICT" name="Signup10" description="Khong nhap ten truy cap" finished-at="2020-08-14T00:28:24 ICT" duration-ms="2469" status="PASS">
          <reporter-output>
          </reporter-output>
        </test-method> <!-- Signup10 -->
        <test-method signature="Signup11()[pri:11, instance:com.example.demo.test.testtentruycap@306f16f3]" started-at="2020-08-14T00:28:24 ICT" name="Signup11" description="Khong nhap ten truy cap" finished-at="2020-08-14T00:28:26 ICT" duration-ms="2555" status="FAIL">
          <exception class="java.lang.AssertionError">
            <message>
              <![CDATA[expected [*Must contain 8 to 15 character and at least 1 word and 1 number Ex: longnhat12345] but found [*Must contain 9 to 15 character and at least 1 letter and 1 capitalize letter and 1 number Ex: longnhat12345]]]>
            </message>
            <full-stacktrace>
              <![CDATA[java.lang.AssertionError: expected [*Must contain 8 to 15 character and at least 1 word and 1 number Ex: longnhat12345] but found [*Must contain 9 to 15 character and at least 1 letter and 1 capitalize letter and 1 number Ex: longnhat12345]
at org.testng.Assert.fail(Assert.java:97)
at org.testng.Assert.assertEqualsImpl(Assert.java:136)
at org.testng.Assert.assertEquals(Assert.java:118)
at org.testng.Assert.assertEquals(Assert.java:575)
at org.testng.Assert.assertEquals(Assert.java:585)
at com.example.demo.test.testtentruycap.Signup11(testtentruycap.java:359)
at java.base/jdk.internal.reflect.NativeMethodAccessorImpl.invoke0(Native Method)
at java.base/jdk.internal.reflect.NativeMethodAccessorImpl.invoke(NativeMethodAccessorImpl.java:62)
at java.base/jdk.internal.reflect.DelegatingMethodAccessorImpl.invoke(DelegatingMethodAccessorImpl.java:43)
at java.base/java.lang.reflect.Method.invoke(Method.java:566)
at org.testng.internal.MethodInvocationHelper.invokeMethod(MethodInvocationHelper.java:135)
at org.testng.internal.TestInvoker.invokeMethod(TestInvoker.java:598)
at org.testng.internal.TestInvoker.invokeTestMethod(TestInvoker.java:174)
at org.testng.internal.MethodRunner.runInSequence(MethodRunner.java:46)
at org.testng.internal.TestInvoker$MethodInvocationAgent.invoke(TestInvoker.java:821)
at org.testng.internal.TestInvoker.invokeTestMethods(TestInvoker.java:147)
at org.testng.internal.TestMethodWorker.invokeTestMethods(TestMethodWorker.java:146)
at org.testng.internal.TestMethodWorker.run(TestMethodWorker.java:128)
at java.base/java.util.ArrayList.forEach(ArrayList.java:1540)
at org.testng.TestRunner.privateRun(TestRunner.java:767)
at org.testng.TestRunner.run(TestRunner.java:588)
at org.testng.SuiteRunner.runTest(SuiteRunner.java:384)
at org.testng.SuiteRunner.runSequentially(SuiteRunner.java:378)
at org.testng.SuiteRunner.privateRun(SuiteRunner.java:337)
at org.testng.SuiteRunner.run(SuiteRunner.java:286)
at org.testng.SuiteRunnerWorker.runSuite(SuiteRunnerWorker.java:53)
at org.testng.SuiteRunnerWorker.run(SuiteRunnerWorker.java:96)
at org.testng.TestNG.runSuitesSequentially(TestNG.java:1214)
at org.testng.TestNG.runSuitesLocally(TestNG.java:1136)
at org.testng.TestNG.runSuites(TestNG.java:1066)
at org.testng.TestNG.run(TestNG.java:1034)
at org.testng.remote.AbstractRemoteTestNG.run(AbstractRemoteTestNG.java:115)
at org.testng.remote.RemoteTestNG.initAndRun(RemoteTestNG.java:251)
at org.testng.remote.RemoteTestNG.main(RemoteTestNG.java:77)
]]>
            </full-stacktrace>
          </exception> <!-- java.lang.AssertionError -->
          <reporter-output>
          </reporter-output>
        </test-method> <!-- Signup11 -->
        <test-method signature="Signup12()[pri:12, instance:com.example.demo.test.testtentruycap@306f16f3]" started-at="2020-08-14T00:28:26 ICT" name="Signup12" description="Khong nhap ten truy cap" finished-at="2020-08-14T00:28:29 ICT" duration-ms="2513" status="FAIL">
          <exception class="java.lang.AssertionError">
            <message>
              <![CDATA[expected [Must contain 9 to 15 character and at least 1 letter and 1 capitalize letter and 1 number Ex: longnhat12345] but found [*Must contain 9 to 15 character and at least 1 letter and 1 capitalize letter and 1 number Ex: longnhat12345]]]>
            </message>
            <full-stacktrace>
              <![CDATA[java.lang.AssertionError: expected [Must contain 9 to 15 character and at least 1 letter and 1 capitalize letter and 1 number Ex: longnhat12345] but found [*Must contain 9 to 15 character and at least 1 letter and 1 capitalize letter and 1 number Ex: longnhat12345]
at org.testng.Assert.fail(Assert.java:97)
at org.testng.Assert.assertEqualsImpl(Assert.java:136)
at org.testng.Assert.assertEquals(Assert.java:118)
at org.testng.Assert.assertEquals(Assert.java:575)
at org.testng.Assert.assertEquals(Assert.java:585)
at com.example.demo.test.testtentruycap.Signup12(testtentruycap.java:387)
at java.base/jdk.internal.reflect.NativeMethodAccessorImpl.invoke0(Native Method)
at java.base/jdk.internal.reflect.NativeMethodAccessorImpl.invoke(NativeMethodAccessorImpl.java:62)
at java.base/jdk.internal.reflect.DelegatingMethodAccessorImpl.invoke(DelegatingMethodAccessorImpl.java:43)
at java.base/java.lang.reflect.Method.invoke(Method.java:566)
at org.testng.internal.MethodInvocationHelper.invokeMethod(MethodInvocationHelper.java:135)
at org.testng.internal.TestInvoker.invokeMethod(TestInvoker.java:598)
at org.testng.internal.TestInvoker.invokeTestMethod(TestInvoker.java:174)
at org.testng.internal.MethodRunner.runInSequence(MethodRunner.java:46)
at org.testng.internal.TestInvoker$MethodInvocationAgent.invoke(TestInvoker.java:821)
at org.testng.internal.TestInvoker.invokeTestMethods(TestInvoker.java:147)
at org.testng.internal.TestMethodWorker.invokeTestMethods(TestMethodWorker.java:146)
at org.testng.internal.TestMethodWorker.run(TestMethodWorker.java:128)
at java.base/java.util.ArrayList.forEach(ArrayList.java:1540)
at org.testng.TestRunner.privateRun(TestRunner.java:767)
at org.testng.TestRunner.run(TestRunner.java:588)
at org.testng.SuiteRunner.runTest(SuiteRunner.java:384)
at org.testng.SuiteRunner.runSequentially(SuiteRunner.java:378)
at org.testng.SuiteRunner.privateRun(SuiteRunner.java:337)
at org.testng.SuiteRunner.run(SuiteRunner.java:286)
at org.testng.SuiteRunnerWorker.runSuite(SuiteRunnerWorker.java:53)
at org.testng.SuiteRunnerWorker.run(SuiteRunnerWorker.java:96)
at org.testng.TestNG.runSuitesSequentially(TestNG.java:1214)
at org.testng.TestNG.runSuitesLocally(TestNG.java:1136)
at org.testng.TestNG.runSuites(TestNG.java:1066)
at org.testng.TestNG.run(TestNG.java:1034)
at org.testng.remote.AbstractRemoteTestNG.run(AbstractRemoteTestNG.java:115)
at org.testng.remote.RemoteTestNG.initAndRun(RemoteTestNG.java:251)
at org.testng.remote.RemoteTestNG.main(RemoteTestNG.java:77)
]]>
            </full-stacktrace>
          </exception> <!-- java.lang.AssertionError -->
          <reporter-output>
          </reporter-output>
        </test-method> <!-- Signup12 -->
        <test-method signature="Signup13()[pri:13, instance:com.example.demo.test.testtentruycap@306f16f3]" started-at="2020-08-14T00:28:29 ICT" name="Signup13" description="Khong nhap ten truy cap" finished-at="2020-08-14T00:28:32 ICT" duration-ms="2580" status="PASS">
          <reporter-output>
          </reporter-output>
        </test-method> <!-- Signup13 -->
        <test-method is-config="true" signature="suiteTearDown()[pri:0, instance:com.example.demo.test.testtentruycap@306f16f3]" started-at="2020-08-14T00:28:32 ICT" name="suiteTearDown" finished-at="2020-08-14T00:28:33 ICT" duration-ms="1217" status="PASS">
          <reporter-output>
          </reporter-output>
        </test-method> <!-- suiteTearDown -->
      </class> <!-- com.example.demo.test.testtentruycap -->
    </test> <!-- Default test -->
  </suite> <!-- Default suite -->
</testng-results>
