<?xml version="1.0" encoding="UTF-8"?>
<!-- Generated by org.testng.reporters.JUnitReportReporter -->
<testsuite hostname="DESKTOP-JCE9VG0" failures="3" tests="28" name="com.example.demo.test.testtentruycap" time="69.585" errors="0" timestamp="2020-08-14T00:28:33 ICT" skipped="0">
  <testcase classname="com.example.demo.test.testtentruycap" name="dangky6" time="2.724"/>
  <system-out/>
  <testcase classname="com.example.demo.test.testtentruycap" name="email2" time="0.607"/>
  <system-out/>
  <testcase classname="com.example.demo.test.testtentruycap" name="dangky7" time="2.685"/>
  <system-out/>
  <testcase classname="com.example.demo.test.testtentruycap" name="dangky5" time="2.810"/>
  <system-out/>
  <testcase classname="com.example.demo.test.testtentruycap" name="email3" time="0.705"/>
  <system-out/>
  <testcase classname="com.example.demo.test.testtentruycap" name="dangky1" time="2.720"/>
  <system-out/>
  <testcase classname="com.example.demo.test.testtentruycap" name="dangky8" time="2.734"/>
  <system-out/>
  <testcase classname="com.example.demo.test.testtentruycap" name="email4" time="0.495"/>
  <system-out/>
  <testcase classname="com.example.demo.test.testtentruycap" name="dangky3" time="2.862"/>
  <system-out/>
  <testcase classname="com.example.demo.test.testtentruycap" name="dangky10" time="2.964"/>
  <system-out/>
  <testcase classname="com.example.demo.test.testtentruycap" name="dangky4" time="2.809"/>
  <system-out/>
  <testcase classname="com.example.demo.test.testtentruycap" name="dangky9" time="2.797"/>
  <system-out/>
  <testcase classname="com.example.demo.test.testtentruycap" name="dangky11" time="3.123"/>
  <system-out/>
  <testcase classname="com.example.demo.test.testtentruycap" name="Signup1" time="5.162">
    <failure message="expected [*Must contain 9 to 15 character and at least 1 letter and 1 capitalize letter and 1 number Ex: longnhat12345] but found [*Name is mandatory
*Must contain 9 to 15 character and at least 1 letter and 1 capitalize letter and 1 number Ex: longnhat12345]" type="java.lang.AssertionError">
      <![CDATA[java.lang.AssertionError: expected [*Must contain 9 to 15 character and at least 1 letter and 1 capitalize letter and 1 number Ex: longnhat12345] but found [*Name is mandatory
*Must contain 9 to 15 character and at least 1 letter and 1 capitalize letter and 1 number Ex: longnhat12345]
at org.testng.Assert.fail(Assert.java:97)
at org.testng.Assert.assertEqualsImpl(Assert.java:136)
at org.testng.Assert.assertEquals(Assert.java:118)
at org.testng.Assert.assertEquals(Assert.java:575)
at org.testng.Assert.assertEquals(Assert.java:585)
at com.example.demo.test.testtentruycap.Signup1(testtentruycap.java:79)
at java.base/jdk.internal.reflect.NativeMethodAccessorImpl.invoke0(Native Method)
at java.base/jdk.internal.reflect.NativeMethodAccessorImpl.invoke(NativeMethodAccessorImpl.java:62)
at java.base/jdk.internal.reflect.DelegatingMethodAccessorImpl.invoke(DelegatingMethodAccessorImpl.java:43)
at java.base/java.lang.reflect.Method.invoke(Method.java:566)
at org.testng.internal.MethodInvocationHelper.invokeMethod(MethodInvocationHelper.java:135)
at org.testng.internal.TestInvoker.invokeMethod(TestInvoker.java:598)
at org.testng.internal.TestInvoker.invokeTestMethod(TestInvoker.java:174)
at org.testng.internal.MethodRunner.runInSequence(MethodRunner.java:46)
at org.testng.internal.TestInvoker$MethodInvocationAgent.invoke(TestInvoker.java:821)
at org.testng.internal.TestInvoker.invokeTestMethods(TestInvoker.java:147)
at org.testng.internal.TestMethodWorker.invokeTestMethods(TestMethodWorker.java:146)
at org.testng.internal.TestMethodWorker.run(TestMethodWorker.java:128)
at java.base/java.util.ArrayList.forEach(ArrayList.java:1540)
at org.testng.TestRunner.privateRun(TestRunner.java:767)
at org.testng.TestRunner.run(TestRunner.java:588)
at org.testng.SuiteRunner.runTest(SuiteRunner.java:384)
at org.testng.SuiteRunner.runSequentially(SuiteRunner.java:378)
at org.testng.SuiteRunner.privateRun(SuiteRunner.java:337)
at org.testng.SuiteRunner.run(SuiteRunner.java:286)
at org.testng.SuiteRunnerWorker.runSuite(SuiteRunnerWorker.java:53)
at org.testng.SuiteRunnerWorker.run(SuiteRunnerWorker.java:96)
at org.testng.TestNG.runSuitesSequentially(TestNG.java:1214)
at org.testng.TestNG.runSuitesLocally(TestNG.java:1136)
at org.testng.TestNG.runSuites(TestNG.java:1066)
at org.testng.TestNG.run(TestNG.java:1034)
at org.testng.remote.AbstractRemoteTestNG.run(AbstractRemoteTestNG.java:115)
at org.testng.remote.RemoteTestNG.initAndRun(RemoteTestNG.java:251)
at org.testng.remote.RemoteTestNG.main(RemoteTestNG.java:77)
]]>
    </failure>
  </testcase> <!-- Signup1 -->
  <system-out/>
  <testcase classname="com.example.demo.test.testtentruycap" name="email1" time="0.595"/>
  <system-out/>
  <testcase classname="com.example.demo.test.testtentruycap" name="dangky2" time="2.943"/>
  <system-out/>
  <testcase classname="com.example.demo.test.testtentruycap" name="Signup2" time="2.547"/>
  <system-out/>
  <testcase classname="com.example.demo.test.testtentruycap" name="Signup3" time="2.622"/>
  <system-out/>
  <testcase classname="com.example.demo.test.testtentruycap" name="Signup4" time="2.549"/>
  <system-out/>
  <testcase classname="com.example.demo.test.testtentruycap" name="Signup5" time="2.636"/>
  <system-out/>
  <testcase classname="com.example.demo.test.testtentruycap" name="Signup6" time="2.521"/>
  <system-out/>
  <testcase classname="com.example.demo.test.testtentruycap" name="Signup7" time="2.610"/>
  <system-out/>
  <testcase classname="com.example.demo.test.testtentruycap" name="Signup8" time="2.656"/>
  <system-out/>
  <testcase classname="com.example.demo.test.testtentruycap" name="Signup9" time="2.592"/>
  <system-out/>
  <testcase classname="com.example.demo.test.testtentruycap" name="Signup10" time="2.469"/>
  <system-out/>
  <testcase classname="com.example.demo.test.testtentruycap" name="Signup11" time="2.555">
    <failure message="expected [*Must contain 8 to 15 character and at least 1 word and 1 number Ex: longnhat12345] but found [*Must contain 9 to 15 character and at least 1 letter and 1 capitalize letter and 1 number Ex: longnhat12345]" type="java.lang.AssertionError">
      <![CDATA[java.lang.AssertionError: expected [*Must contain 8 to 15 character and at least 1 word and 1 number Ex: longnhat12345] but found [*Must contain 9 to 15 character and at least 1 letter and 1 capitalize letter and 1 number Ex: longnhat12345]
at org.testng.Assert.fail(Assert.java:97)
at org.testng.Assert.assertEqualsImpl(Assert.java:136)
at org.testng.Assert.assertEquals(Assert.java:118)
at org.testng.Assert.assertEquals(Assert.java:575)
at org.testng.Assert.assertEquals(Assert.java:585)
at com.example.demo.test.testtentruycap.Signup11(testtentruycap.java:359)
at java.base/jdk.internal.reflect.NativeMethodAccessorImpl.invoke0(Native Method)
at java.base/jdk.internal.reflect.NativeMethodAccessorImpl.invoke(NativeMethodAccessorImpl.java:62)
at java.base/jdk.internal.reflect.DelegatingMethodAccessorImpl.invoke(DelegatingMethodAccessorImpl.java:43)
at java.base/java.lang.reflect.Method.invoke(Method.java:566)
at org.testng.internal.MethodInvocationHelper.invokeMethod(MethodInvocationHelper.java:135)
at org.testng.internal.TestInvoker.invokeMethod(TestInvoker.java:598)
at org.testng.internal.TestInvoker.invokeTestMethod(TestInvoker.java:174)
at org.testng.internal.MethodRunner.runInSequence(MethodRunner.java:46)
at org.testng.internal.TestInvoker$MethodInvocationAgent.invoke(TestInvoker.java:821)
at org.testng.internal.TestInvoker.invokeTestMethods(TestInvoker.java:147)
at org.testng.internal.TestMethodWorker.invokeTestMethods(TestMethodWorker.java:146)
at org.testng.internal.TestMethodWorker.run(TestMethodWorker.java:128)
at java.base/java.util.ArrayList.forEach(ArrayList.java:1540)
at org.testng.TestRunner.privateRun(TestRunner.java:767)
at org.testng.TestRunner.run(TestRunner.java:588)
at org.testng.SuiteRunner.runTest(SuiteRunner.java:384)
at org.testng.SuiteRunner.runSequentially(SuiteRunner.java:378)
at org.testng.SuiteRunner.privateRun(SuiteRunner.java:337)
at org.testng.SuiteRunner.run(SuiteRunner.java:286)
at org.testng.SuiteRunnerWorker.runSuite(SuiteRunnerWorker.java:53)
at org.testng.SuiteRunnerWorker.run(SuiteRunnerWorker.java:96)
at org.testng.TestNG.runSuitesSequentially(TestNG.java:1214)
at org.testng.TestNG.runSuitesLocally(TestNG.java:1136)
at org.testng.TestNG.runSuites(TestNG.java:1066)
at org.testng.TestNG.run(TestNG.java:1034)
at org.testng.remote.AbstractRemoteTestNG.run(AbstractRemoteTestNG.java:115)
at org.testng.remote.RemoteTestNG.initAndRun(RemoteTestNG.java:251)
at org.testng.remote.RemoteTestNG.main(RemoteTestNG.java:77)
]]>
    </failure>
  </testcase> <!-- Signup11 -->
  <system-out/>
  <testcase classname="com.example.demo.test.testtentruycap" name="Signup12" time="2.513">
    <failure message="expected [Must contain 9 to 15 character and at least 1 letter and 1 capitalize letter and 1 number Ex: longnhat12345] but found [*Must contain 9 to 15 character and at least 1 letter and 1 capitalize letter and 1 number Ex: longnhat12345]" type="java.lang.AssertionError">
      <![CDATA[java.lang.AssertionError: expected [Must contain 9 to 15 character and at least 1 letter and 1 capitalize letter and 1 number Ex: longnhat12345] but found [*Must contain 9 to 15 character and at least 1 letter and 1 capitalize letter and 1 number Ex: longnhat12345]
at org.testng.Assert.fail(Assert.java:97)
at org.testng.Assert.assertEqualsImpl(Assert.java:136)
at org.testng.Assert.assertEquals(Assert.java:118)
at org.testng.Assert.assertEquals(Assert.java:575)
at org.testng.Assert.assertEquals(Assert.java:585)
at com.example.demo.test.testtentruycap.Signup12(testtentruycap.java:387)
at java.base/jdk.internal.reflect.NativeMethodAccessorImpl.invoke0(Native Method)
at java.base/jdk.internal.reflect.NativeMethodAccessorImpl.invoke(NativeMethodAccessorImpl.java:62)
at java.base/jdk.internal.reflect.DelegatingMethodAccessorImpl.invoke(DelegatingMethodAccessorImpl.java:43)
at java.base/java.lang.reflect.Method.invoke(Method.java:566)
at org.testng.internal.MethodInvocationHelper.invokeMethod(MethodInvocationHelper.java:135)
at org.testng.internal.TestInvoker.invokeMethod(TestInvoker.java:598)
at org.testng.internal.TestInvoker.invokeTestMethod(TestInvoker.java:174)
at org.testng.internal.MethodRunner.runInSequence(MethodRunner.java:46)
at org.testng.internal.TestInvoker$MethodInvocationAgent.invoke(TestInvoker.java:821)
at org.testng.internal.TestInvoker.invokeTestMethods(TestInvoker.java:147)
at org.testng.internal.TestMethodWorker.invokeTestMethods(TestMethodWorker.java:146)
at org.testng.internal.TestMethodWorker.run(TestMethodWorker.java:128)
at java.base/java.util.ArrayList.forEach(ArrayList.java:1540)
at org.testng.TestRunner.privateRun(TestRunner.java:767)
at org.testng.TestRunner.run(TestRunner.java:588)
at org.testng.SuiteRunner.runTest(SuiteRunner.java:384)
at org.testng.SuiteRunner.runSequentially(SuiteRunner.java:378)
at org.testng.SuiteRunner.privateRun(SuiteRunner.java:337)
at org.testng.SuiteRunner.run(SuiteRunner.java:286)
at org.testng.SuiteRunnerWorker.runSuite(SuiteRunnerWorker.java:53)
at org.testng.SuiteRunnerWorker.run(SuiteRunnerWorker.java:96)
at org.testng.TestNG.runSuitesSequentially(TestNG.java:1214)
at org.testng.TestNG.runSuitesLocally(TestNG.java:1136)
at org.testng.TestNG.runSuites(TestNG.java:1066)
at org.testng.TestNG.run(TestNG.java:1034)
at org.testng.remote.AbstractRemoteTestNG.run(AbstractRemoteTestNG.java:115)
at org.testng.remote.RemoteTestNG.initAndRun(RemoteTestNG.java:251)
at org.testng.remote.RemoteTestNG.main(RemoteTestNG.java:77)
]]>
    </failure>
  </testcase> <!-- Signup12 -->
  <system-out/>
  <testcase classname="com.example.demo.test.testtentruycap" name="Signup13" time="2.580"/>
  <system-out/>
</testsuite> <!-- com.example.demo.test.testtentruycap -->
